2020-11-30 19:04:45,120 - URL : https://www.kulturdata.de
2020-11-30 19:04:46,337 - Status : 200
2020-11-30 19:04:46,375 - URL : https://kulturdata.de/category/kuenstliche-intelligenz/
2020-11-30 19:04:47,027 - Status : 200
2020-11-30 19:04:47,065 - URL : https://kulturdata.de/blog/
2020-11-30 19:04:47,254 - Status : 200
2020-11-30 19:04:47,281 - URL : https://kulturdata.de/besuchersegmentierung/
2020-11-30 19:04:47,458 - Status : 200
2020-11-30 19:04:47,503 - URL : https://kulturdata.de/tipps-fuer-klassische-musiker-auf-instagram/
2020-11-30 19:04:47,706 - Status : 200
2020-11-30 19:04:47,730 - URL : https://kulturdata.de/netzwerke/
2020-11-30 19:04:47,914 - Status : 200
2020-11-30 19:04:47,933 - URL : https://kulturdata.de/wer-beschaeftigt-sich-mit-kultur-und-kuenstlicher-intelligenz/
2020-11-30 19:04:48,129 - Status : 200
2020-11-30 19:04:48,158 - URL : https://kulturdata.de/ueber/presse/
2020-11-30 19:04:48,763 - Status : 200
2020-11-30 19:04:48,782 - URL : https://kulturdata.de/online-marketing-kulturbetriebe/
2020-11-30 19:04:48,966 - Status : 200
2020-11-30 19:04:49,014 - URL : https://kulturdata.de/impressum/
2020-11-30 19:04:49,183 - Status : 200
2020-11-30 19:04:49,211 - URL : https://kulturdata.de/studiengaenge/
2020-11-30 19:04:49,384 - Status : 200
2020-11-30 19:04:49,416 - URL : https://kulturdata.de/kuenstliche-intelligenz/
2020-11-30 19:04:49,586 - Status : 200
2020-11-30 19:04:49,626 - URL : https://kulturdata.de/tools/
2020-11-30 19:04:49,815 - Status : 200
2020-11-30 19:04:49,866 - URL : https://kulturdata.de/coding-reality-der-digital-track-beim-festival-hauptsache-frei/
2020-11-30 19:04:50,060 - Status : 200
2020-11-30 19:04:50,084 - URL : https://kulturdata.de/datenschutzerklaerung/
2020-11-30 19:04:50,295 - Status : 200
2020-11-30 19:04:50,333 - URL : https://kulturdata.de/quiz-umfrage/
2020-11-30 19:04:50,517 - Status : 200
2020-11-30 19:04:50,554 - URL : https://kulturdata.de/feed/
2020-11-30 19:04:51,282 - Status : 200
2020-11-30 19:04:51,298 - URL : https://kulturdata.de/35-millionen-besuchen-in-game-konzert-des-rappers-lil-nas-x-auf-roblox/
2020-11-30 19:04:51,480 - Status : 200
2020-11-30 19:04:51,500 - URL : https://kulturdata.de/das-wavelab-an-der-hochschule-fuer-musik-und-theater-muenchen/
2020-11-30 19:04:51,689 - Status : 200
2020-11-30 19:04:51,712 - URL : https://kulturdata.de/category/besuchersegmentierung/
2020-11-30 19:04:52,351 - Status : 200
2020-11-30 19:04:52,392 - URL : https://kulturdata.de/
2020-11-30 19:04:52,557 - Status : 200
2020-11-30 19:04:52,576 - URL : https://kulturdata.de/ueber/vortrag-buchen/
2020-11-30 19:04:52,754 - Status : 200
2020-11-30 19:04:52,776 - URL : https://kulturdata.de/warum-fremdeln-kulturorganisationen-mit-der-digitalisierung/
2020-11-30 19:04:52,958 - Status : 200
2020-11-30 19:04:52,980 - URL : https://kulturdata.de/learn-programming-now-wie-programmieren-meine-weltsicht-veraendert-hat/
2020-11-30 19:04:53,156 - Status : 200
2020-11-30 19:04:53,177 - URL : https://kulturdata.de/author/holger-kurtz/
2020-11-30 19:04:53,785 - Status : 200
2020-11-30 19:04:53,806 - URL : https://kulturdata.de/newsletter/
2020-11-30 19:04:53,974 - Status : 200
2020-11-30 19:04:53,991 - URL : https://kulturdata.de/besuchersegmentierung-im-kulturmarketing-teil-1/
2020-11-30 19:04:54,174 - Status : 200
2020-11-30 19:04:54,198 - URL : https://kulturdata.de/digitalstrategie-kulturbetriebe/
2020-11-30 19:04:54,375 - Status : 200
2020-11-30 19:04:54,402 - URL : https://kulturdata.de/tina-lorenz-ueber-digitalisierung-am-theater/
2020-11-30 19:04:54,585 - Status : 200
2020-11-30 19:05:04,833 - URL : https://kulturdata.de/4-grunde-geringere-reichweiten-interaktionen-shares-facebook/
2020-11-30 19:05:05,034 - Status : 200
2020-11-30 19:05:05,056 - URL : https://kulturdata.de/tag/google-experiments/
2020-11-30 19:05:05,238 - Status : 200
2020-11-30 19:05:05,258 - URL : https://kulturdata.de/programmieren-von-0-bis-1-ein-erlebnisbericht/#comments
2020-11-30 19:05:05,440 - Status : 200
2020-11-30 19:05:05,463 - URL : https://kulturdata.de/tag/css/
2020-11-30 19:05:05,643 - Status : 200
2020-11-30 19:05:05,665 - URL : https://kulturdata.de/tag/kunst/
2020-11-30 19:05:05,855 - Status : 200
2020-11-30 19:05:05,885 - URL : https://kulturdata.de/5-fragen-an-christian-henner-fehr/#comments
2020-11-30 19:05:06,073 - Status : 200
2020-11-30 19:05:06,096 - URL : https://kulturdata.de/tag/komische-oper-berlin/
2020-11-30 19:05:06,280 - Status : 200
2020-11-30 19:05:06,300 - URL : https://kulturdata.de/ein-neuronales-netz-trainieren-sodass-es-wie-shakespeare-schreibt/
2020-11-30 19:05:06,487 - Status : 200
2020-11-30 19:05:06,568 - URL : https://kulturdata.de/tag/google-trends/
2020-11-30 19:05:06,741 - Status : 200
2020-11-30 19:05:06,763 - URL : https://kulturdata.de/datenbank/
2020-11-30 19:05:06,939 - Status : 200
2020-11-30 19:05:06,959 - URL : https://kulturdata.de/besuchersegmentierung-im-kulturmarketing-teil-3/
2020-11-30 19:05:07,142 - Status : 200
2020-11-30 19:05:07,165 - URL : https://kulturdata.de/wie-ein-streichquartett-ueber-1000km-gemeinsam-probt/
2020-11-30 19:05:07,367 - Status : 200
2020-11-30 19:05:07,395 - URL : https://kulturdata.de/beethoven-jahr-2020-im-vergleich-zum-mozart-jahr-2006/#comments
2020-11-30 19:05:07,582 - Status : 200
2020-11-30 19:05:07,606 - URL : https://kulturdata.de/ein-neuronales-netz-trainieren-sodass-es-wie-shakespeare-schreibt/#comments
2020-11-30 19:05:07,819 - Status : 200
2020-11-30 19:05:07,862 - URL : https://kulturdata.de/buchbesprechung-kuenstliche-intelligenz-fuer-sales-marketing-und-service/
2020-11-30 19:05:08,051 - Status : 200
2020-11-30 19:05:08,072 - URL : https://kulturdata.de/artbreeder-kuenstliche-intelligenz-kunst-fur-jeden/
2020-11-30 19:05:08,258 - Status : 200
2020-11-30 19:05:08,280 - URL : https://kulturdata.de/digitale-technologien-der-new-york-philharmonic/
2020-11-30 19:05:08,465 - Status : 200
2020-11-30 19:05:08,494 - URL : https://kulturdata.de/online-galerie-zeigt-werke-kuenstlicher-neuronaler-netze/
2020-11-30 19:05:08,674 - Status : 200
2020-11-30 19:05:08,694 - URL : https://kulturdata.de/wer-beschaeftigt-sich-mit-kultur-und-kuenstlicher-intelligenz/#comments
2020-11-30 19:05:08,888 - Status : 200
2020-11-30 19:05:08,914 - URL : https://kulturdata.de/tag/musermeku/
2020-11-30 19:05:09,094 - Status : 200
2020-11-30 19:05:09,115 - URL : https://kulturdata.de/tools/page/2/
2020-11-30 19:05:09,304 - Status : 200
2020-11-30 19:05:09,331 - URL : https://kulturdata.de/hackathon-wirvsvirus-die-kulturprojekte/
2020-11-30 19:05:09,512 - Status : 200
2020-11-30 19:05:09,533 - URL : https://kulturdata.de/5-fragen-an-hannes-tronsberg/#comments
2020-11-30 19:05:09,703 - Status : 200
2020-11-30 19:05:09,726 - URL : https://kulturdata.de/welche-daten-sammeln-theater-besuchersegmentierung-im-kulturmarketing-teil-5/
2020-11-30 19:05:09,918 - Status : 200
2020-11-30 19:05:09,939 - URL : https://kulturdata.de/uebersicht-ueber-lesenswerte-online-marketing-blogs/
2020-11-30 19:05:10,122 - Status : 200
2020-11-30 19:05:10,145 - URL : https://kulturdata.de/kulturinvest-kongress-2020-fachforum-digital-transformation/
2020-11-30 19:05:10,336 - Status : 200
2020-11-30 19:05:10,358 - URL : https://kulturdata.de/wp-content/uploads/2020/10/Web-Analytics.pdf
2020-11-30 19:05:11,133 - Status : 200
2020-11-30 19:05:15,722 - Some characters could not be decoded, and were replaced with REPLACEMENT CHARACTER.
2020-11-30 19:05:15,775 - URL : https://kulturdata.de/big-data/
2020-11-30 19:05:15,965 - Status : 200
2020-11-30 19:05:15,993 - URL : https://kulturdata.de/digitalisierung/
2020-11-30 19:05:16,180 - Status : 200
2020-11-30 19:05:16,214 - URL : https://kulturdata.de/welche-kulturinstitution-ist-king-of-social-media-erfolge-messen/#comments
2020-11-30 19:05:16,380 - Status : 200
2020-11-30 19:05:16,404 - URL : https://kulturdata.de/5-fragen-an-hannes-tronsberg/
2020-11-30 19:05:16,582 - Status : 200
2020-11-30 19:05:16,605 - URL : https://kulturdata.de/kuenstliche-intelligenz-wann-beginnt-das-kunstwerk/#comments
2020-11-30 19:05:16,779 - Status : 200
2020-11-30 19:05:16,804 - URL : https://kulturdata.de/5-fragen-an-dr-angelika-schoder/#comments
2020-11-30 19:05:16,984 - Status : 200
2020-11-30 19:05:17,006 - URL : https://kulturdata.de/digitalstrategie-kulturbetriebe/#comments
2020-11-30 19:05:17,189 - Status : 200
2020-11-30 19:05:17,212 - URL : https://kulturdata.de/tag/python/
2020-11-30 19:05:17,382 - Status : 200
2020-11-30 19:05:17,405 - URL : https://kulturdata.de/how-to-built-a-chatbot-ohne-programmieren-zu-koennen/
2020-11-30 19:05:17,580 - Status : 200
2020-11-30 19:05:17,610 - URL : https://kulturdata.de/tag/new-york-philharmonic/
2020-11-30 19:05:17,792 - Status : 200
2020-11-30 19:05:17,816 - URL : https://kulturdata.de/kuenstliche-intelligenz-wann-beginnt-das-kunstwerk/
2020-11-30 19:05:18,002 - Status : 200
2020-11-30 19:05:18,024 - URL : https://kulturdata.de/welche-daten-sammeln-theater-besuchersegmentierung-im-kulturmarketing-teil-5/#comments
2020-11-30 19:05:18,205 - Status : 200
2020-11-30 19:05:18,227 - URL : https://kulturdata.de/tag/masterarbeit/
2020-11-30 19:05:18,419 - Status : 200
2020-11-30 19:05:18,450 - URL : https://kulturdata.de/wie-kann-ich-mehrere-links-im-instagram-profil-einfuegen/
2020-11-30 19:05:18,641 - Status : 200
2020-11-30 19:05:18,665 - URL : https://kulturdata.de/erstelle-deinen-eigenen-museums-guide-auf-telegram/
2020-11-30 19:05:18,845 - Status : 200
2020-11-30 19:05:18,870 - URL : https://kulturdata.de/tag/interview/
2020-11-30 19:05:19,042 - Status : 200
2020-11-30 19:05:19,065 - URL : https://kulturdata.de/tag/theater/
2020-11-30 19:05:19,237 - Status : 200
2020-11-30 19:05:19,277 - URL : https://kulturdata.de/describemyart-kuenstliche-intelligenz-twitter-bot-beschreibt-eure-imaginaren-kunstwerke/
2020-11-30 19:05:19,456 - Status : 200
2020-11-30 19:05:19,479 - URL : https://kulturdata.de/tag/api/
2020-11-30 19:05:19,666 - Status : 200
2020-11-30 19:05:19,690 - URL : https://kulturdata.de/tina-lorenz-ueber-digitalisierung-am-theater/#comments
2020-11-30 19:05:19,872 - Status : 200
2020-11-30 19:05:19,896 - URL : https://kulturdata.de/tag/museum/
2020-11-30 19:05:20,079 - Status : 200
2020-11-30 19:05:20,116 - URL : https://kulturdata.de/tag/predictive-analytics/
2020-11-30 19:05:20,289 - Status : 200
2020-11-30 19:05:20,310 - URL : https://kulturdata.de/online-marketing-fuer-kulturbetriebe-ohne-google-twitter-facebook-und-e-mail/
2020-11-30 19:05:20,482 - Status : 200
2020-11-30 19:05:20,511 - URL : https://kulturdata.de/alle-konzertprogramme-der-new-yorker-philharmoniker/
2020-11-30 19:05:20,684 - Status : 200
2020-11-30 19:05:20,714 - URL : https://kulturdata.de/beethoven-jahr-2020-im-vergleich-zum-mozart-jahr-2006/
2020-11-30 19:05:20,897 - Status : 200
2020-11-30 19:05:20,920 - URL : https://kulturdata.de/twicture-visualisierung-der-stimmung-auf-twitter/
2020-11-30 19:05:21,098 - Status : 200
2020-11-30 19:05:21,118 - URL : https://kulturdata.de/tag/tableau/
2020-11-30 19:05:21,294 - Status : 200
2020-11-30 19:05:21,318 - URL : https://kulturdata.de/3-dimensionen-des-lernen-im-interkulturellen-und-digitalen-team-1-3/
2020-11-30 19:05:21,490 - Status : 200
2020-11-30 19:05:21,517 - URL : https://kulturdata.de/tag/hackathon/
2020-11-30 19:05:21,694 - Status : 200
2020-11-30 19:05:21,714 - URL : https://kulturdata.de/gig-economy-wieso-die-grenzen-zwischen-arbeitsmarkt-und-unternehmen-schwinden/
2020-11-30 19:05:21,877 - Status : 200
2020-11-30 19:05:21,898 - URL : https://kulturdata.de/tag/susanne-schuster/
2020-11-30 19:05:22,074 - Status : 200
2020-11-30 19:05:22,092 - URL : https://kulturdata.de/wie-ein-streichquartett-ueber-1000km-gemeinsam-probt/#comments
2020-11-30 19:05:22,292 - Status : 200
2020-11-30 19:05:22,320 - URL : https://kulturdata.de/tag/github/
2020-11-30 19:05:22,513 - Status : 200
2020-11-30 19:05:22,540 - URL : https://kulturdata.de/tag/social-media/
2020-11-30 19:05:22,723 - Status : 200
2020-11-30 19:05:22,792 - URL : https://kulturdata.de/besuchersegmentierung-im-kulturmarketing-teil-4/
2020-11-30 19:05:22,975 - Status : 200
2020-11-30 19:05:22,995 - URL : https://kulturdata.de/tag/repertoire-scoring/
2020-11-30 19:05:23,168 - Status : 200
2020-11-30 19:05:23,190 - URL : https://kulturdata.de/5-fragen-an-christian-henner-fehr/
2020-11-30 19:05:23,381 - Status : 200
2020-11-30 19:05:23,402 - URL : https://kulturdata.de/besuchersegmentierung-im-kulturmarketing-teil-1/#comments
2020-11-30 19:05:23,580 - Status : 200
2020-11-30 19:05:23,600 - URL : https://kulturdata.de/warum-fremdeln-kulturorganisationen-mit-der-digitalisierung/#comments
2020-11-30 19:05:23,782 - Status : 200
2020-11-30 19:05:23,805 - URL : https://kulturdata.de/besuchersegementierung-abenteuerlust/
2020-11-30 19:05:23,989 - Status : 200
2020-11-30 19:05:24,008 - URL : https://kulturdata.de/kulturfoerderung-uebersicht-projekte-digitalisierung/
2020-11-30 19:05:24,174 - Status : 200
2020-11-30 19:05:24,196 - URL : https://kulturdata.de/welche-zielgruppen-sprechen-theater-an/
2020-11-30 19:05:24,374 - Status : 200
2020-11-30 19:05:24,400 - URL : https://kulturdata.de/tag/anette-haferkorn/
2020-11-30 19:05:24,574 - Status : 200
2020-11-30 19:05:24,591 - URL : https://kulturdata.de/google-demand-selber-bauen/
2020-11-30 19:05:24,760 - Status : 200
2020-11-30 19:05:24,781 - URL : https://kulturdata.de/tag/webscrapping/
2020-11-30 19:05:24,971 - Status : 200
2020-11-30 19:05:24,994 - URL : https://kulturdata.de/statistiken/
2020-11-30 19:05:25,169 - Status : 200
2020-11-30 19:05:25,203 - URL : https://kulturdata.de/besuchersegmentierung-im-kulturmarketing-teil-2/
2020-11-30 19:05:25,381 - Status : 200
2020-11-30 19:05:25,404 - URL : https://kulturdata.de/tag/praesentation/
2020-11-30 19:05:25,588 - Status : 200
2020-11-30 19:05:25,610 - URL : https://kulturdata.de/tag/twitter/
2020-11-30 19:05:25,785 - Status : 200
2020-11-30 19:05:25,808 - URL : https://kulturdata.de/ich-habe-eine-ki-mit-der-bibel-gefuettert-das-kam-dabei-heraus/
2020-11-30 19:05:25,996 - Status : 200
2020-11-30 19:05:26,020 - URL : https://kulturdata.de/coding-reality-der-digital-track-beim-festival-hauptsache-frei/#comments
2020-11-30 19:05:26,207 - Status : 200
2020-11-30 19:05:26,229 - URL : https://kulturdata.de/best-practice/
2020-11-30 19:05:26,416 - Status : 200
2020-11-30 19:05:26,452 - URL : https://kulturdata.de/tag/html/
2020-11-30 19:05:26,626 - Status : 200
2020-11-30 19:05:26,646 - URL : https://kulturdata.de/tag/strategie/
2020-11-30 19:05:26,821 - Status : 200
2020-11-30 19:05:26,845 - URL : https://kulturdata.de/author/gastbeitrag/
2020-11-30 19:05:27,477 - Status : 200
2020-11-30 19:05:27,497 - URL : https://kulturdata.de/welche-werbemittel-nutzen-theater/
2020-11-30 19:05:27,678 - Status : 200
2020-11-30 19:05:27,698 - URL : https://kulturdata.de/artbreeder-kuenstliche-intelligenz-kunst-fur-jeden/#comments
2020-11-30 19:05:27,878 - Status : 200
2020-11-30 19:05:27,900 - URL : https://kulturdata.de/github-google-drive-fuer-progammierer/
2020-11-30 19:05:28,075 - Status : 200
2020-11-30 19:05:28,097 - URL : https://kulturdata.de/github-google-drive-fuer-progammierer/#comments
2020-11-30 19:05:28,288 - Status : 200
2020-11-30 19:05:28,308 - URL : https://kulturdata.de/besuchersegmentierung-im-kulturmarketing-teil-2/#comments
2020-11-30 19:05:28,483 - Status : 200
2020-11-30 19:05:28,507 - URL : https://kulturdata.de/welche-kulturinstitution-ist-king-of-social-media-erfolge-messen/
2020-11-30 19:05:28,689 - Status : 200
2020-11-30 19:05:28,713 - URL : https://kulturdata.de/how-to-built-a-chatbot-ohne-programmieren-zu-koennen/#comments
2020-11-30 19:05:28,889 - Status : 200
2020-11-30 19:05:28,917 - URL : https://kulturdata.de/tag/ricardo-gehn/
2020-11-30 19:05:29,082 - Status : 200
2020-11-30 19:05:29,104 - URL : https://kulturdata.de/5-fragen-an-dr-angelika-schoder/
2020-11-30 19:05:29,286 - Status : 200
2020-11-30 19:05:29,309 - URL : https://kulturdata.de/alle-konzertprogramme-der-new-yorker-philharmoniker/#comments
2020-11-30 19:05:29,492 - Status : 200
2020-11-30 19:05:29,519 - URL : https://kulturdata.de/programmieren-von-0-bis-1-ein-erlebnisbericht/
2020-11-30 19:05:29,700 - Status : 200
2020-11-30 19:05:29,723 - URL : https://kulturdata.de/tag/orchester/
2020-11-30 19:05:29,912 - Status : 200
2020-11-30 19:05:29,932 - URL : https://kulturdata.de/tag/facebook/
2020-11-30 19:05:30,106 - Status : 200
2020-11-30 19:05:30,132 - URL : https://kulturdata.de/category/besuchersegmentierung
2020-11-30 19:05:30,755 - Status : 200
2020-11-30 19:05:30,786 - URL : https://kulturdata.de/5-fragen-an-sven-kielgas/
2020-11-30 19:05:30,971 - Status : 200
2020-11-30 19:05:30,992 - URL : https://kulturdata.de/tag/programmieren/
2020-11-30 19:05:31,169 - Status : 200
2020-11-30 19:05:31,198 - URL : https://kulturdata.de/wie-big-data-bei-den-los-angeles-philharmonic-die-nachfrage-voraussagt/
2020-11-30 19:05:31,383 - Status : 200
2020-11-30 19:05:31,402 - URL : https://kulturdata.de/besuchersegmentierung-im-kulturmarketing-teil-3/#comments
2020-11-30 19:05:31,571 - Status : 200
2020-11-30 19:05:34,520 - URL : https://kulturdata.de/wie-ein-streichquartett-ueber-1000km-gemeinsam-probt/#comment-27
2020-11-30 19:05:34,729 - Status : 200
2020-11-30 19:05:34,757 - URL : https://kulturdata.de/opernfans-in-deutschland-eine-einsicht-durch-facebook/#comments
2020-11-30 19:05:34,936 - Status : 200
2020-11-30 19:05:34,959 - URL : https://kulturdata.de/digitalisierung/page/2/
2020-11-30 19:05:35,150 - Status : 200
2020-11-30 19:05:35,165 - URL : https://kulturdata.de/veranstaltungsuebersicht-in-muenchen-python-projekt/
2020-11-30 19:05:35,358 - Status : 200
2020-11-30 19:05:35,382 - URL : https://kulturdata.de/wie-das-british-museum-big-data-nutzt/
2020-11-30 19:05:35,561 - Status : 200
2020-11-30 19:05:35,584 - URL : https://kulturdata.de/kann-oder-will-das-digitale-die-analoge-kultur-ersetzen/
2020-11-30 19:05:35,765 - Status : 200
2020-11-30 19:05:35,782 - URL : https://kulturdata.de/how-to-built-a-chatbot-ohne-programmieren-zu-koennen/#comment-7
2020-11-30 19:05:35,958 - Status : 200
2020-11-30 19:05:35,988 - URL : https://kulturdata.de/so-war-der-vc-culttech-hackathon-in-wien/
2020-11-30 19:05:36,158 - Status : 200
2020-11-30 19:05:36,180 - URL : https://kulturdata.de/beethoven-jahr-2020-im-vergleich-zum-mozart-jahr-2006/bildschirmfoto-2020-01-13-um-20-18-30/
2020-11-30 19:05:37,001 - Status : 200
2020-11-30 19:05:38,698 - Some characters could not be decoded, and were replaced with REPLACEMENT CHARACTER.
2020-11-30 19:05:38,703 - URL : https://kulturdata.de/wp-content/uploads/2020/10/Grund1-2.jpg
2020-11-30 19:05:39,017 - Status : 200
2020-11-30 19:05:39,985 - Some characters could not be decoded, and were replaced with REPLACEMENT CHARACTER.
2020-11-30 19:05:39,994 - URL : https://kulturdata.de/wer-folgt-den-berliner-opernhaeusern-auf-twitter-eine-einladung-zur-analyse/
2020-11-30 19:05:40,184 - Status : 200
2020-11-30 19:05:40,211 - URL : https://kulturdata.de/tag/besuchersegmentierung/
2020-11-30 19:05:41,305 - Status : 200
2020-11-30 19:05:41,336 - URL : https://kulturdata.de/wie-das-british-museum-big-data-nutzt/#comments
2020-11-30 19:05:41,516 - Status : 200
2020-11-30 19:05:41,541 - URL : https://kulturdata.de/veranstaltungsuebersicht-in-muenchen-python-projekt/#comments
2020-11-30 19:05:41,727 - Status : 200
2020-11-30 19:05:41,750 - URL : https://kulturdata.de/alle-konzertprogramme-der-new-yorker-philharmoniker/#comment-25
2020-11-30 19:05:41,932 - Status : 200
2020-11-30 19:05:41,956 - URL : https://kulturdata.de/so-war-der-vc-culttech-hackathon-in-wien/#comments
2020-11-30 19:05:42,152 - Status : 200
2020-11-30 19:05:42,175 - URL : https://kulturdata.de/wp-content/uploads/2020/01/Bildschirmfoto-2020-01-13-um-19.54.09.png
2020-11-30 19:05:42,539 - Status : 200
2020-11-30 19:05:44,160 - Some characters could not be decoded, and were replaced with REPLACEMENT CHARACTER.
2020-11-30 19:05:44,166 - URL : https://kulturdata.de/wp-content/uploads/2020/01/Bildschirmfoto-2020-01-13-um-19.46.55.png
2020-11-30 19:05:44,501 - Status : 200
2020-11-30 19:05:45,597 - Some characters could not be decoded, and were replaced with REPLACEMENT CHARACTER.
2020-11-30 19:05:45,600 - URL : https://kulturdata.de/nachfrage-nach-theater-auf-google-ist-seit-jahren-rucklaufig/
2020-11-30 19:05:45,791 - Status : 200
2020-11-30 19:05:45,818 - URL : https://kulturdata.de/data-und-journalismus-die-washington-post-und-amazon/
2020-11-30 19:05:46,007 - Status : 200
2020-11-30 19:05:46,071 - URL : https://kulturdata.de/wie-ein-streichquartett-ueber-1000km-gemeinsam-probt/#comment-28
2020-11-30 19:05:46,279 - Status : 200
2020-11-30 19:05:46,308 - URL : https://kulturdata.de/kuenstliche-kunst-wenn-a-i-auf-musik-trifft/
2020-11-30 19:05:46,479 - Status : 200
2020-11-30 19:05:46,502 - URL : https://kulturdata.de/erstelle-deinen-eigenen-museums-guide-auf-telegram/#comments
2020-11-30 19:05:46,686 - Status : 200
2020-11-30 19:05:46,709 - URL : https://kulturdata.de/5-fragen-an-christian-henner-fehr/#comment-10
2020-11-30 19:05:46,883 - Status : 200
2020-11-30 19:05:46,907 - URL : https://kulturdata.de/wp-content/uploads/2020/10/Grund-4-2.jpg
2020-11-30 19:05:47,202 - Status : 200
2020-11-30 19:05:48,135 - Some characters could not be decoded, and were replaced with REPLACEMENT CHARACTER.
2020-11-30 19:05:48,146 - URL : https://kulturdata.de/korrelation-und-kausalitaet-wieso-nicolas-cage-keine-menschen-ertraenkt/
2020-11-30 19:05:48,324 - Status : 200
2020-11-30 19:05:48,346 - URL : https://kulturdata.de/wp-content/uploads/2020/10/Grund-2-2.jpg
2020-11-30 19:05:48,671 - Status : 200
2020-11-30 19:05:50,079 - Some characters could not be decoded, and were replaced with REPLACEMENT CHARACTER.
2020-11-30 19:05:50,091 - URL : https://kulturdata.de/how-many-years-after-an-artwork-was-created-did-the-tate-museum-in-london-acquire-it/
2020-11-30 19:05:50,271 - Status : 200
2020-11-30 19:05:50,292 - URL : https://kulturdata.de/die-5-nachfrage-faktoren-fuer-programme-der-seattle-opera/#comments
2020-11-30 19:05:50,465 - Status : 200
2020-11-30 19:05:50,491 - URL : https://kulturdata.de/wie-nutzen-theater-besucherdaten-im-marketing-besuchersegmentierung-im-kulturmarketing-teil-6/
2020-11-30 19:05:51,438 - Status : 200
2020-11-30 19:05:51,489 - URL : https://kulturdata.de/wp-content/uploads/2020/10/Grund-3-2.jpg
2020-11-30 19:05:51,774 - Status : 200
2020-11-30 19:05:52,515 - Some characters could not be decoded, and were replaced with REPLACEMENT CHARACTER.
2020-11-30 19:05:52,522 - URL : https://kulturdata.de/3-dimensionen-des-lernen-im-interkulturellen-und-digitalen-team-1-3/#comments
2020-11-30 19:05:52,702 - Status : 200
2020-11-30 19:05:52,725 - URL : https://kulturdata.de/die-5-nachfrage-faktoren-fuer-programme-der-seattle-opera/
2020-11-30 19:05:52,907 - Status : 200
2020-11-30 19:05:52,934 - URL : https://kulturdata.de/alle-konzertprogramme-der-new-yorker-philharmoniker/#comment-26
2020-11-30 19:05:53,101 - Status : 200
2020-11-30 19:05:53,126 - URL : https://kulturdata.de/best-practice/page/2/
2020-11-30 19:05:53,310 - Status : 200
2020-11-30 19:05:53,340 - URL : https://kulturdata.de/5-fragen-an-christian-henner-fehr/#comment-11
2020-11-30 19:05:53,523 - Status : 200
2020-11-30 19:05:53,546 - URL : https://kulturdata.de/opernfans-in-deutschland-eine-einsicht-durch-facebook/
2020-11-30 19:05:53,732 - Status : 200
2020-11-30 19:05:59,719 - URL : https://kulturdata.de/wp-content/uploads/2020/04/KultuData-Analoge-ersetzen.pdf
2020-11-30 19:05:59,991 - Status : 200
2020-11-30 19:06:00,509 - Some characters could not be decoded, and were replaced with REPLACEMENT CHARACTER.
2020-11-30 19:06:00,510 - URL : https://kulturdata.de/bildschirmfoto-2020-05-09-um-16-52-25/
2020-11-30 19:06:01,388 - Status : 200
2020-11-30 19:06:03,317 - Some characters could not be decoded, and were replaced with REPLACEMENT CHARACTER.
2020-11-30 19:06:03,334 - URL : https://kulturdata.de/wp-content/uploads/2020/05/theater_google-scaled.jpg
2020-11-30 19:06:03,571 - Status : 200
2020-11-30 19:06:04,021 - Some characters could not be decoded, and were replaced with REPLACEMENT CHARACTER.
2020-11-30 19:06:51,607 - df.head() : 
                                                 url  ... character count
0                          https://www.kulturdata.de  ...              71
1                          https://www.kulturdata.de  ...              83
2  https://kulturdata.de/category/kuenstliche-int...  ...              50
3  https://kulturdata.de/category/kuenstliche-int...  ...              95
4                        https://kulturdata.de/blog/  ...               4

[5 rows x 4 columns]
